<?xml version="1.0" encoding="UTF-8"?>
<!-- Generated by org.testng.reporters.JUnitReportReporter -->
<testsuite hostname="EC2AMAZ-CS00R8Q" failures="0" tests="1" name="tests.googletest" time="5.663" errors="0" timestamp="2025-07-23T09:03:16 UTC" skipped="0">
  <testcase classname="tests.googletest" name="openGoogleTest" time="5.663"/>
  <system-out/>
</testsuite> <!-- tests.googletest -->
