<?xml version="1.0" encoding="UTF-8"?>
<!-- Generated by org.testng.reporters.JUnitReportReporter -->
<testsuite hostname="EC2AMAZ-CS00R8Q" failures="0" tests="2" name="elements.Hover" time="4.522" errors="0" timestamp="2025-07-23T08:50:30 UTC" skipped="0">
  <testcase classname="elements.Hover" name="hoverExample" time="3.590"/>
  <system-out/>
  <testcase classname="elements.Hover" name="hoverExample1" time="0.932"/>
  <system-out/>
</testsuite> <!-- elements.Hover -->
