<?xml version="1.0" encoding="UTF-8"?>
<!-- Generated by org.testng.reporters.JUnitReportReporter -->
<testsuite hostname="EC2AMAZ-CS00R8Q" failures="0" tests="1" name="elements.FormTest" time="1.550" errors="0" timestamp="2025-07-23T08:58:06 UTC" skipped="0">
  <testcase classname="elements.FormTest" name="fillForm" time="1.550"/>
</testsuite> <!-- elements.FormTest -->
